<?xml version="1.0" encoding="UTF-8"?>
<!-- Generated by org.testng.reporters.JUnitReportReporter -->
<testsuite skipped="0" hostname="BGLRT49500328" name="com.qa.TestScripts.TC6_BeforeSuite" tests="1" failures="0" timestamp="19 Nov 2021 09:54:11 GMT" time="0.013" errors="0">
  <testcase name="beforeSuiteTest" time="0.013" classname="com.qa.TestScripts.TC6_BeforeSuite"/>
</testsuite> <!-- com.qa.TestScripts.TC6_BeforeSuite -->
