<?xml version="1.0" encoding="UTF-8"?>
<!-- Generated by org.testng.reporters.JUnitReportReporter -->
<testsuite skipped="0" hostname="BGLRT49500328" name="com.qa.TestScripts.TC7_TestPriority" tests="1" failures="0" timestamp="19 Nov 2021 09:56:06 GMT" time="5.473" errors="0">
  <testcase name="StartTestStep2" time="5.473" classname="com.qa.TestScripts.TC7_TestPriority"/>
</testsuite> <!-- com.qa.TestScripts.TC7_TestPriority -->
