<?xml version="1.0" encoding="UTF-8"?>
<!-- Generated by org.testng.reporters.JUnitReportReporter -->
<testsuite skipped="0" hostname="BGLRT49500328" name="com.qa.TestScripts.TC15_Xpath_Dashboard" tests="2" failures="0" timestamp="19 Nov 2021 10:04:01 GMT" time="18.445" errors="0">
  <testcase name="XPATh" time="9.702" classname="com.qa.TestScripts.TC15_Xpath_Dashboard"/>
  <testcase name="Login" time="8.743" classname="com.qa.TestScripts.TC15_Xpath_Dashboard"/>
</testsuite> <!-- com.qa.TestScripts.TC15_Xpath_Dashboard -->
